# 0.  CONST 3
#  push 3 @ stack<0>
# 1.  NEWARRAY
#  pop 3 @ stack<1>
#  alloc 3 @ mem[0]
#  push 0 @ stack<0>
# 2.  STORE 0
#  pop 0 @ stack<1>
#  put 0 @ vars[0]
# 3.  LOAD 0
#  get 0 @ vars[0]
#  push 0 @ stack<0>
# 4.  CONST 0
#  push 0 @ stack<1>
# 5.  CONST 1
#  push 1 @ stack<2>
# 6.  ASTORE
#  pop 1 @ stack<3>
#  pop 0 @ stack<2>
#  pop 0 @ stack<1>
#  set 1 @ mem[0]
# 7.  LOAD 0
#  get 0 @ vars[0]
#  push 0 @ stack<0>
# 8.  CONST 1
#  push 1 @ stack<1>
# 9.  CONST 2
#  push 2 @ stack<2>
# 10. ASTORE
#  pop 2 @ stack<3>
#  pop 1 @ stack<2>
#  pop 0 @ stack<1>
#  set 2 @ mem[1]
# 11. LOAD 0
#  get 0 @ vars[0]
#  push 0 @ stack<0>
# 12. CONST 2
#  push 2 @ stack<1>
# 13. CONST 3
#  push 3 @ stack<2>
# 14. ASTORE
#  pop 3 @ stack<3>
#  pop 2 @ stack<2>
#  pop 0 @ stack<1>
#  set 3 @ mem[2]
# 15. LOAD 0
#  get 0 @ vars[0]
#  push 0 @ stack<0>
# 16. CONST 3
#  push 3 @ stack<1>
# 17. CALL 1
#  pop 3 @ stack<2>
#  put 3 @ vars[1]
#  pop 0 @ stack<1>
#  put 0 @ vars[0]
# 0.  CONST 0
#  push 0 @ stack<0>
# 1.  STORE 2
#  pop 0 @ stack<1>
#  put 0 @ vars[2]
# 2.  CONST 0
#  push 0 @ stack<0>
# 3.  STORE 3
#  pop 0 @ stack<1>
#  put 0 @ vars[3]
# 4.  LOAD 3
#  get 0 @ vars[3]
#  push 0 @ stack<0>
# 5.  LOAD 1
#  get 3 @ vars[1]
#  push 3 @ stack<1>
# 6.  IFGE +12
#  pop 3 @ stack<2>
#  pop 0 @ stack<1>
# 7.  LOAD 2
#  get 0 @ vars[2]
#  push 0 @ stack<0>
# 8.  LOAD 0
#  get 0 @ vars[0]
#  push 0 @ stack<1>
# 9.  LOAD 3
#  get 0 @ vars[3]
#  push 0 @ stack<2>
# 10. ALOAD 
#  pop 0 @ stack<3>
#  pop 0 @ stack<2>
#  get 1 @ mem[0]
#  push 1 @ stack<1>
# 11. ADD
#  pop 1 @ stack<2>
#  pop 0 @ stack<1>
#  push 1 @ stack<0>
# 12. STORE 2
#  pop 1 @ stack<1>
#  put 1 @ vars[2]
# 13. LOAD 3
#  get 0 @ vars[3]
#  push 0 @ stack<0>
# 14. CONST 1
#  push 1 @ stack<1>
# 15. ADD
#  pop 1 @ stack<2>
#  pop 0 @ stack<1>
#  push 1 @ stack<0>
# 16. STORE 3
#  pop 1 @ stack<1>
#  put 1 @ vars[3]
# 17. GOTO -13
# 4.  LOAD 3
#  get 1 @ vars[3]
#  push 1 @ stack<0>
# 5.  LOAD 1
#  get 3 @ vars[1]
#  push 3 @ stack<1>
# 6.  IFGE +12
#  pop 3 @ stack<2>
#  pop 1 @ stack<1>
# 7.  LOAD 2
#  get 1 @ vars[2]
#  push 1 @ stack<0>
# 8.  LOAD 0
#  get 0 @ vars[0]
#  push 0 @ stack<1>
# 9.  LOAD 3
#  get 1 @ vars[3]
#  push 1 @ stack<2>
# 10. ALOAD 
#  pop 1 @ stack<3>
#  pop 0 @ stack<2>
#  get 2 @ mem[1]
#  push 2 @ stack<1>
# 11. ADD
#  pop 2 @ stack<2>
#  pop 1 @ stack<1>
#  push 3 @ stack<0>
# 12. STORE 2
#  pop 3 @ stack<1>
#  put 3 @ vars[2]
# 13. LOAD 3
#  get 1 @ vars[3]
#  push 1 @ stack<0>
# 14. CONST 1
#  push 1 @ stack<1>
# 15. ADD
#  pop 1 @ stack<2>
#  pop 1 @ stack<1>
#  push 2 @ stack<0>
# 16. STORE 3
#  pop 2 @ stack<1>
#  put 2 @ vars[3]
# 17. GOTO -13
# 4.  LOAD 3
#  get 2 @ vars[3]
#  push 2 @ stack<0>
# 5.  LOAD 1
#  get 3 @ vars[1]
#  push 3 @ stack<1>
# 6.  IFGE +12
#  pop 3 @ stack<2>
#  pop 2 @ stack<1>
# 7.  LOAD 2
#  get 3 @ vars[2]
#  push 3 @ stack<0>
# 8.  LOAD 0
#  get 0 @ vars[0]
#  push 0 @ stack<1>
# 9.  LOAD 3
#  get 2 @ vars[3]
#  push 2 @ stack<2>
# 10. ALOAD 
#  pop 2 @ stack<3>
#  pop 0 @ stack<2>
#  get 3 @ mem[2]
#  push 3 @ stack<1>
# 11. ADD
#  pop 3 @ stack<2>
#  pop 3 @ stack<1>
#  push 6 @ stack<0>
# 12. STORE 2
#  pop 6 @ stack<1>
#  put 6 @ vars[2]
# 13. LOAD 3
#  get 2 @ vars[3]
#  push 2 @ stack<0>
# 14. CONST 1
#  push 1 @ stack<1>
# 15. ADD
#  pop 1 @ stack<2>
#  pop 2 @ stack<1>
#  push 3 @ stack<0>
# 16. STORE 3
#  pop 3 @ stack<1>
#  put 3 @ vars[3]
# 17. GOTO -13
# 4.  LOAD 3
#  get 3 @ vars[3]
#  push 3 @ stack<0>
# 5.  LOAD 1
#  get 3 @ vars[1]
#  push 3 @ stack<1>
# 6.  IFGE +12
#  pop 3 @ stack<2>
#  pop 3 @ stack<1>
# 18. LOAD 2
#  get 6 @ vars[2]
#  push 6 @ stack<0>
# 19. VRETURN
#  pop 6 @ stack<1>
#  push 6 @ stack<0>
# 18. STORE 1
#  pop 6 @ stack<1>
#  put 6 @ vars[1]
# 19. SPRINT 0
Array sum:
# 20. LOAD 1
#  get 6 @ vars[1]
#  push 6 @ stack<0>
# 21. PRINT
#  pop 6 @ stack<1>
6
# 22. RETURN
